ARM GAS  C:\Users\zsf90\AppData\Local\Temp\ccGAJ4x9.s 			page 1


   1              		.cpu cortex-m4
   2              		.eabi_attribute 27, 1
   3              		.eabi_attribute 28, 1
   4              		.eabi_attribute 20, 1
   5              		.eabi_attribute 21, 1
   6              		.eabi_attribute 23, 3
   7              		.eabi_attribute 24, 1
   8              		.eabi_attribute 25, 1
   9              		.eabi_attribute 26, 1
  10              		.eabi_attribute 30, 1
  11              		.eabi_attribute 34, 1
  12              		.eabi_attribute 18, 4
  13              		.file	"main.c"
  14              		.text
  15              	.Ltext0:
  16              		.cfi_sections	.debug_frame
  17              		.section	.text.__io_putchar,"ax",%progbits
  18              		.align	1
  19              		.global	__io_putchar
  20              		.arch armv7e-m
  21              		.syntax unified
  22              		.thumb
  23              		.thumb_func
  24              		.fpu fpv4-sp-d16
  26              	__io_putchar:
  27              	.LVL0:
  28              	.LFB133:
  29              		.file 1 "Core/Src/main.c"
   1:Core/Src/main.c **** /* USER CODE BEGIN Header */
   2:Core/Src/main.c **** /**
   3:Core/Src/main.c ****   ******************************************************************************
   4:Core/Src/main.c ****   * @file           : main.c
   5:Core/Src/main.c ****   * @brief          : Main program body
   6:Core/Src/main.c ****   ******************************************************************************
   7:Core/Src/main.c ****   * @attention
   8:Core/Src/main.c ****   *
   9:Core/Src/main.c ****   * <h2><center>&copy; Copyright (c) 2020 STMicroelectronics.
  10:Core/Src/main.c ****   * All rights reserved.</center></h2>
  11:Core/Src/main.c ****   *
  12:Core/Src/main.c ****   * This software component is licensed by ST under BSD 3-Clause license,
  13:Core/Src/main.c ****   * the "License"; You may not use this file except in compliance with the
  14:Core/Src/main.c ****   * License. You may obtain a copy of the License at:
  15:Core/Src/main.c ****   *                        opensource.org/licenses/BSD-3-Clause
  16:Core/Src/main.c ****   *
  17:Core/Src/main.c ****   ******************************************************************************
  18:Core/Src/main.c ****   */
  19:Core/Src/main.c **** /* USER CODE END Header */
  20:Core/Src/main.c **** /* Includes ------------------------------------------------------------------*/
  21:Core/Src/main.c **** #include "main.h"
  22:Core/Src/main.c **** #include "usart.h"
  23:Core/Src/main.c **** #include "gpio.h"
  24:Core/Src/main.c **** 
  25:Core/Src/main.c **** /* Private includes ----------------------------------------------------------*/
  26:Core/Src/main.c **** /* USER CODE BEGIN Includes */
  27:Core/Src/main.c **** #include "stdio.h"
  28:Core/Src/main.c **** /* USER CODE END Includes */
  29:Core/Src/main.c **** 
ARM GAS  C:\Users\zsf90\AppData\Local\Temp\ccGAJ4x9.s 			page 2


  30:Core/Src/main.c **** /* Private typedef -----------------------------------------------------------*/
  31:Core/Src/main.c **** /* USER CODE BEGIN PTD */
  32:Core/Src/main.c **** 
  33:Core/Src/main.c **** /* USER CODE END PTD */
  34:Core/Src/main.c **** 
  35:Core/Src/main.c **** /* Private define ------------------------------------------------------------*/
  36:Core/Src/main.c **** /* USER CODE BEGIN PD */
  37:Core/Src/main.c **** /* USER CODE END PD */
  38:Core/Src/main.c **** 
  39:Core/Src/main.c **** /* Private macro -------------------------------------------------------------*/
  40:Core/Src/main.c **** /* USER CODE BEGIN PM */
  41:Core/Src/main.c **** 
  42:Core/Src/main.c **** /* USER CODE END PM */
  43:Core/Src/main.c **** 
  44:Core/Src/main.c **** /* Private variables ---------------------------------------------------------*/
  45:Core/Src/main.c **** 
  46:Core/Src/main.c **** /* USER CODE BEGIN PV */
  47:Core/Src/main.c **** 
  48:Core/Src/main.c **** /* USER CODE END PV */
  49:Core/Src/main.c **** 
  50:Core/Src/main.c **** /* Private function prototypes -----------------------------------------------*/
  51:Core/Src/main.c **** void SystemClock_Config(void);
  52:Core/Src/main.c **** /* USER CODE BEGIN PFP */
  53:Core/Src/main.c **** 
  54:Core/Src/main.c **** /* USER CODE END PFP */
  55:Core/Src/main.c **** 
  56:Core/Src/main.c **** /* Private user code ---------------------------------------------------------*/
  57:Core/Src/main.c **** /* USER CODE BEGIN 0 */
  58:Core/Src/main.c **** #ifdef __GNUC__
  59:Core/Src/main.c ****   #define PUTCHAR_PROTOTYPE int __io_putchar(int ch)
  60:Core/Src/main.c **** #else
  61:Core/Src/main.c ****   #define PUTCHAR_PROTOTYPE int fputc(int ch, FILE *f)
  62:Core/Src/main.c **** #endif
  63:Core/Src/main.c **** PUTCHAR_PROTOTYPE
  64:Core/Src/main.c **** {
  30              		.loc 1 64 1 view -0
  31              		.cfi_startproc
  32              		@ args = 0, pretend = 0, frame = 8
  33              		@ frame_needed = 0, uses_anonymous_args = 0
  34              		.loc 1 64 1 is_stmt 0 view .LVU1
  35 0000 10B5     		push	{r4, lr}
  36              	.LCFI0:
  37              		.cfi_def_cfa_offset 8
  38              		.cfi_offset 4, -8
  39              		.cfi_offset 14, -4
  40 0002 82B0     		sub	sp, sp, #8
  41              	.LCFI1:
  42              		.cfi_def_cfa_offset 16
  43 0004 0446     		mov	r4, r0
  65:Core/Src/main.c ****   uint8_t temp[1] = {ch};
  44              		.loc 1 65 3 is_stmt 1 view .LVU2
  45              		.loc 1 65 11 is_stmt 0 view .LVU3
  46 0006 8DF80400 		strb	r0, [sp, #4]
  66:Core/Src/main.c ****   HAL_UART_Transmit(&huart2, temp, 1, 0xffff);
  47              		.loc 1 66 3 is_stmt 1 view .LVU4
  48 000a 4FF6FF73 		movw	r3, #65535
  49 000e 0122     		movs	r2, #1
ARM GAS  C:\Users\zsf90\AppData\Local\Temp\ccGAJ4x9.s 			page 3


  50 0010 01A9     		add	r1, sp, #4
  51 0012 0348     		ldr	r0, .L3
  52              	.LVL1:
  53              		.loc 1 66 3 is_stmt 0 view .LVU5
  54 0014 FFF7FEFF 		bl	HAL_UART_Transmit
  55              	.LVL2:
  67:Core/Src/main.c ****   return ch;
  56              		.loc 1 67 3 is_stmt 1 view .LVU6
  68:Core/Src/main.c **** }
  57              		.loc 1 68 1 is_stmt 0 view .LVU7
  58 0018 2046     		mov	r0, r4
  59 001a 02B0     		add	sp, sp, #8
  60              	.LCFI2:
  61              		.cfi_def_cfa_offset 8
  62              		@ sp needed
  63 001c 10BD     		pop	{r4, pc}
  64              	.LVL3:
  65              	.L4:
  66              		.loc 1 68 1 view .LVU8
  67 001e 00BF     		.align	2
  68              	.L3:
  69 0020 00000000 		.word	huart2
  70              		.cfi_endproc
  71              	.LFE133:
  73              		.section	.text._write,"ax",%progbits
  74              		.align	1
  75              		.global	_write
  76              		.syntax unified
  77              		.thumb
  78              		.thumb_func
  79              		.fpu fpv4-sp-d16
  81              	_write:
  82              	.LVL4:
  83              	.LFB134:
  69:Core/Src/main.c **** 
  70:Core/Src/main.c **** int _write(int file, char *ptr, int len)
  71:Core/Src/main.c **** {
  84              		.loc 1 71 1 is_stmt 1 view -0
  85              		.cfi_startproc
  86              		@ args = 0, pretend = 0, frame = 0
  87              		@ frame_needed = 0, uses_anonymous_args = 0
  88              		.loc 1 71 1 is_stmt 0 view .LVU10
  89 0000 70B5     		push	{r4, r5, r6, lr}
  90              	.LCFI3:
  91              		.cfi_def_cfa_offset 16
  92              		.cfi_offset 4, -16
  93              		.cfi_offset 5, -12
  94              		.cfi_offset 6, -8
  95              		.cfi_offset 14, -4
  96 0002 0C46     		mov	r4, r1
  97 0004 1646     		mov	r6, r2
  72:Core/Src/main.c ****   int DataIdx;
  98              		.loc 1 72 3 is_stmt 1 view .LVU11
  73:Core/Src/main.c ****   for (DataIdx=0; DataIdx<len; DataIdx++)
  99              		.loc 1 73 3 view .LVU12
 100              	.LVL5:
 101              		.loc 1 73 15 is_stmt 0 view .LVU13
ARM GAS  C:\Users\zsf90\AppData\Local\Temp\ccGAJ4x9.s 			page 4


 102 0006 0025     		movs	r5, #0
 103              	.LVL6:
 104              	.L6:
 105              		.loc 1 73 19 is_stmt 1 discriminator 1 view .LVU14
 106              		.loc 1 73 3 is_stmt 0 discriminator 1 view .LVU15
 107 0008 B542     		cmp	r5, r6
 108 000a 05DA     		bge	.L9
  74:Core/Src/main.c ****   {
  75:Core/Src/main.c ****     __io_putchar(*ptr++);
 109              		.loc 1 75 5 is_stmt 1 discriminator 3 view .LVU16
 110              	.LVL7:
 111              		.loc 1 75 5 is_stmt 0 discriminator 3 view .LVU17
 112 000c 14F8010B 		ldrb	r0, [r4], #1	@ zero_extendqisi2
 113              	.LVL8:
 114              		.loc 1 75 5 discriminator 3 view .LVU18
 115 0010 FFF7FEFF 		bl	__io_putchar
 116              	.LVL9:
  73:Core/Src/main.c ****   for (DataIdx=0; DataIdx<len; DataIdx++)
 117              		.loc 1 73 32 is_stmt 1 discriminator 3 view .LVU19
  73:Core/Src/main.c ****   for (DataIdx=0; DataIdx<len; DataIdx++)
 118              		.loc 1 73 39 is_stmt 0 discriminator 3 view .LVU20
 119 0014 0135     		adds	r5, r5, #1
 120              	.LVL10:
  73:Core/Src/main.c ****   for (DataIdx=0; DataIdx<len; DataIdx++)
 121              		.loc 1 73 39 discriminator 3 view .LVU21
 122 0016 F7E7     		b	.L6
 123              	.L9:
  76:Core/Src/main.c ****   }
  77:Core/Src/main.c ****   return len;
 124              		.loc 1 77 3 is_stmt 1 view .LVU22
  78:Core/Src/main.c **** }
 125              		.loc 1 78 1 is_stmt 0 view .LVU23
 126 0018 3046     		mov	r0, r6
 127 001a 70BD     		pop	{r4, r5, r6, pc}
 128              		.loc 1 78 1 view .LVU24
 129              		.cfi_endproc
 130              	.LFE134:
 132              		.section	.text.SystemClock_Config,"ax",%progbits
 133              		.align	1
 134              		.global	SystemClock_Config
 135              		.syntax unified
 136              		.thumb
 137              		.thumb_func
 138              		.fpu fpv4-sp-d16
 140              	SystemClock_Config:
 141              	.LFB136:
  79:Core/Src/main.c **** /* USER CODE END 0 */
  80:Core/Src/main.c **** 
  81:Core/Src/main.c **** /**
  82:Core/Src/main.c ****   * @brief  The application entry point.
  83:Core/Src/main.c ****   * @retval int
  84:Core/Src/main.c ****   */
  85:Core/Src/main.c **** int main(void)
  86:Core/Src/main.c **** {
  87:Core/Src/main.c ****   /* USER CODE BEGIN 1 */
  88:Core/Src/main.c **** 
  89:Core/Src/main.c ****   /* USER CODE END 1 */
ARM GAS  C:\Users\zsf90\AppData\Local\Temp\ccGAJ4x9.s 			page 5


  90:Core/Src/main.c **** 
  91:Core/Src/main.c ****   /* MCU Configuration--------------------------------------------------------*/
  92:Core/Src/main.c **** 
  93:Core/Src/main.c ****   /* Reset of all peripherals, Initializes the Flash interface and the Systick. */
  94:Core/Src/main.c ****   HAL_Init();
  95:Core/Src/main.c **** 
  96:Core/Src/main.c ****   /* USER CODE BEGIN Init */
  97:Core/Src/main.c **** 
  98:Core/Src/main.c ****   /* USER CODE END Init */
  99:Core/Src/main.c **** 
 100:Core/Src/main.c ****   /* Configure the system clock */
 101:Core/Src/main.c ****   SystemClock_Config();
 102:Core/Src/main.c **** 
 103:Core/Src/main.c ****   /* USER CODE BEGIN SysInit */
 104:Core/Src/main.c **** 
 105:Core/Src/main.c ****   /* USER CODE END SysInit */
 106:Core/Src/main.c **** 
 107:Core/Src/main.c ****   /* Initialize all configured peripherals */
 108:Core/Src/main.c ****   MX_GPIO_Init();
 109:Core/Src/main.c ****   MX_USART2_UART_Init();
 110:Core/Src/main.c ****   /* USER CODE BEGIN 2 */
 111:Core/Src/main.c ****   printf("Hello World!\n");
 112:Core/Src/main.c ****   float i = 3.14f;
 113:Core/Src/main.c ****   /* USER CODE END 2 */
 114:Core/Src/main.c **** 
 115:Core/Src/main.c ****   /* Infinite loop */
 116:Core/Src/main.c ****   /* USER CODE BEGIN WHILE */
 117:Core/Src/main.c ****   while (1)
 118:Core/Src/main.c ****   {
 119:Core/Src/main.c ****     /* USER CODE END WHILE */
 120:Core/Src/main.c **** 
 121:Core/Src/main.c ****     /* USER CODE BEGIN 3 */
 122:Core/Src/main.c ****     HAL_GPIO_TogglePin(LD2_GPIO_Port, LD2_Pin);
 123:Core/Src/main.c ****     HAL_Delay(200);
 124:Core/Src/main.c ****     printf("temp: %f\n", i);
 125:Core/Src/main.c ****   }
 126:Core/Src/main.c ****   /* USER CODE END 3 */
 127:Core/Src/main.c **** }
 128:Core/Src/main.c **** 
 129:Core/Src/main.c **** /**
 130:Core/Src/main.c ****   * @brief System Clock Configuration
 131:Core/Src/main.c ****   * @retval None
 132:Core/Src/main.c ****   */
 133:Core/Src/main.c **** void SystemClock_Config(void)
 134:Core/Src/main.c **** {
 142              		.loc 1 134 1 is_stmt 1 view -0
 143              		.cfi_startproc
 144              		@ args = 0, pretend = 0, frame = 80
 145              		@ frame_needed = 0, uses_anonymous_args = 0
 146 0000 30B5     		push	{r4, r5, lr}
 147              	.LCFI4:
 148              		.cfi_def_cfa_offset 12
 149              		.cfi_offset 4, -12
 150              		.cfi_offset 5, -8
 151              		.cfi_offset 14, -4
 152 0002 95B0     		sub	sp, sp, #84
 153              	.LCFI5:
ARM GAS  C:\Users\zsf90\AppData\Local\Temp\ccGAJ4x9.s 			page 6


 154              		.cfi_def_cfa_offset 96
 135:Core/Src/main.c ****   RCC_OscInitTypeDef RCC_OscInitStruct = {0};
 155              		.loc 1 135 3 view .LVU26
 156              		.loc 1 135 22 is_stmt 0 view .LVU27
 157 0004 3422     		movs	r2, #52
 158 0006 0021     		movs	r1, #0
 159 0008 07A8     		add	r0, sp, #28
 160 000a FFF7FEFF 		bl	memset
 161              	.LVL11:
 136:Core/Src/main.c ****   RCC_ClkInitTypeDef RCC_ClkInitStruct = {0};
 162              		.loc 1 136 3 is_stmt 1 view .LVU28
 163              		.loc 1 136 22 is_stmt 0 view .LVU29
 164 000e 0024     		movs	r4, #0
 165 0010 0294     		str	r4, [sp, #8]
 166 0012 0394     		str	r4, [sp, #12]
 167 0014 0494     		str	r4, [sp, #16]
 168 0016 0594     		str	r4, [sp, #20]
 169 0018 0694     		str	r4, [sp, #24]
 137:Core/Src/main.c **** 
 138:Core/Src/main.c ****   /** Configure the main internal regulator output voltage
 139:Core/Src/main.c ****   */
 140:Core/Src/main.c ****   __HAL_RCC_PWR_CLK_ENABLE();
 170              		.loc 1 140 3 is_stmt 1 view .LVU30
 171              	.LBB2:
 172              		.loc 1 140 3 view .LVU31
 173 001a 0094     		str	r4, [sp]
 174              		.loc 1 140 3 view .LVU32
 175 001c 1B4B     		ldr	r3, .L12
 176 001e 1A6C     		ldr	r2, [r3, #64]
 177 0020 42F08052 		orr	r2, r2, #268435456
 178 0024 1A64     		str	r2, [r3, #64]
 179              		.loc 1 140 3 view .LVU33
 180 0026 1B6C     		ldr	r3, [r3, #64]
 181 0028 03F08053 		and	r3, r3, #268435456
 182 002c 0093     		str	r3, [sp]
 183              		.loc 1 140 3 view .LVU34
 184 002e 009B     		ldr	r3, [sp]
 185              	.LBE2:
 186              		.loc 1 140 3 view .LVU35
 141:Core/Src/main.c ****   __HAL_PWR_VOLTAGESCALING_CONFIG(PWR_REGULATOR_VOLTAGE_SCALE1);
 187              		.loc 1 141 3 view .LVU36
 188              	.LBB3:
 189              		.loc 1 141 3 view .LVU37
 190 0030 0194     		str	r4, [sp, #4]
 191              		.loc 1 141 3 view .LVU38
 192 0032 174B     		ldr	r3, .L12+4
 193 0034 1A68     		ldr	r2, [r3]
 194 0036 42F44042 		orr	r2, r2, #49152
 195 003a 1A60     		str	r2, [r3]
 196              		.loc 1 141 3 view .LVU39
 197 003c 1B68     		ldr	r3, [r3]
 198 003e 03F44043 		and	r3, r3, #49152
 199 0042 0193     		str	r3, [sp, #4]
 200              		.loc 1 141 3 view .LVU40
 201 0044 019B     		ldr	r3, [sp, #4]
 202              	.LBE3:
 203              		.loc 1 141 3 view .LVU41
ARM GAS  C:\Users\zsf90\AppData\Local\Temp\ccGAJ4x9.s 			page 7


 142:Core/Src/main.c ****   /** Initializes the RCC Oscillators according to the specified parameters
 143:Core/Src/main.c ****   * in the RCC_OscInitTypeDef structure.
 144:Core/Src/main.c ****   */
 145:Core/Src/main.c ****   RCC_OscInitStruct.OscillatorType = RCC_OSCILLATORTYPE_HSE;
 204              		.loc 1 145 3 view .LVU42
 205              		.loc 1 145 36 is_stmt 0 view .LVU43
 206 0046 0123     		movs	r3, #1
 207 0048 0793     		str	r3, [sp, #28]
 146:Core/Src/main.c ****   RCC_OscInitStruct.HSEState = RCC_HSE_ON;
 208              		.loc 1 146 3 is_stmt 1 view .LVU44
 209              		.loc 1 146 30 is_stmt 0 view .LVU45
 210 004a 4FF48033 		mov	r3, #65536
 211 004e 0893     		str	r3, [sp, #32]
 147:Core/Src/main.c ****   RCC_OscInitStruct.PLL.PLLState = RCC_PLL_ON;
 212              		.loc 1 147 3 is_stmt 1 view .LVU46
 213              		.loc 1 147 34 is_stmt 0 view .LVU47
 214 0050 0225     		movs	r5, #2
 215 0052 0D95     		str	r5, [sp, #52]
 148:Core/Src/main.c ****   RCC_OscInitStruct.PLL.PLLSource = RCC_PLLSOURCE_HSE;
 216              		.loc 1 148 3 is_stmt 1 view .LVU48
 217              		.loc 1 148 35 is_stmt 0 view .LVU49
 218 0054 4FF48003 		mov	r3, #4194304
 219 0058 0E93     		str	r3, [sp, #56]
 149:Core/Src/main.c ****   RCC_OscInitStruct.PLL.PLLM = 4;
 220              		.loc 1 149 3 is_stmt 1 view .LVU50
 221              		.loc 1 149 30 is_stmt 0 view .LVU51
 222 005a 0423     		movs	r3, #4
 223 005c 0F93     		str	r3, [sp, #60]
 150:Core/Src/main.c ****   RCC_OscInitStruct.PLL.PLLN = 100;
 224              		.loc 1 150 3 is_stmt 1 view .LVU52
 225              		.loc 1 150 30 is_stmt 0 view .LVU53
 226 005e 6422     		movs	r2, #100
 227 0060 1092     		str	r2, [sp, #64]
 151:Core/Src/main.c ****   RCC_OscInitStruct.PLL.PLLP = RCC_PLLP_DIV2;
 228              		.loc 1 151 3 is_stmt 1 view .LVU54
 229              		.loc 1 151 30 is_stmt 0 view .LVU55
 230 0062 1195     		str	r5, [sp, #68]
 152:Core/Src/main.c ****   RCC_OscInitStruct.PLL.PLLQ = 4;
 231              		.loc 1 152 3 is_stmt 1 view .LVU56
 232              		.loc 1 152 30 is_stmt 0 view .LVU57
 233 0064 1293     		str	r3, [sp, #72]
 153:Core/Src/main.c ****   RCC_OscInitStruct.PLL.PLLR = 2;
 234              		.loc 1 153 3 is_stmt 1 view .LVU58
 235              		.loc 1 153 30 is_stmt 0 view .LVU59
 236 0066 1395     		str	r5, [sp, #76]
 154:Core/Src/main.c ****   if (HAL_RCC_OscConfig(&RCC_OscInitStruct) != HAL_OK)
 237              		.loc 1 154 3 is_stmt 1 view .LVU60
 238              		.loc 1 154 7 is_stmt 0 view .LVU61
 239 0068 07A8     		add	r0, sp, #28
 240 006a FFF7FEFF 		bl	HAL_RCC_OscConfig
 241              	.LVL12:
 155:Core/Src/main.c ****   {
 156:Core/Src/main.c ****     Error_Handler();
 157:Core/Src/main.c ****   }
 158:Core/Src/main.c ****   /** Initializes the CPU, AHB and APB buses clocks
 159:Core/Src/main.c ****   */
 160:Core/Src/main.c ****   RCC_ClkInitStruct.ClockType = RCC_CLOCKTYPE_HCLK|RCC_CLOCKTYPE_SYSCLK
ARM GAS  C:\Users\zsf90\AppData\Local\Temp\ccGAJ4x9.s 			page 8


 242              		.loc 1 160 3 is_stmt 1 view .LVU62
 243              		.loc 1 160 31 is_stmt 0 view .LVU63
 244 006e 0F23     		movs	r3, #15
 245 0070 0293     		str	r3, [sp, #8]
 161:Core/Src/main.c ****                               |RCC_CLOCKTYPE_PCLK1|RCC_CLOCKTYPE_PCLK2;
 162:Core/Src/main.c ****   RCC_ClkInitStruct.SYSCLKSource = RCC_SYSCLKSOURCE_PLLCLK;
 246              		.loc 1 162 3 is_stmt 1 view .LVU64
 247              		.loc 1 162 34 is_stmt 0 view .LVU65
 248 0072 0395     		str	r5, [sp, #12]
 163:Core/Src/main.c ****   RCC_ClkInitStruct.AHBCLKDivider = RCC_SYSCLK_DIV1;
 249              		.loc 1 163 3 is_stmt 1 view .LVU66
 250              		.loc 1 163 35 is_stmt 0 view .LVU67
 251 0074 0494     		str	r4, [sp, #16]
 164:Core/Src/main.c ****   RCC_ClkInitStruct.APB1CLKDivider = RCC_HCLK_DIV2;
 252              		.loc 1 164 3 is_stmt 1 view .LVU68
 253              		.loc 1 164 36 is_stmt 0 view .LVU69
 254 0076 4FF48053 		mov	r3, #4096
 255 007a 0593     		str	r3, [sp, #20]
 165:Core/Src/main.c ****   RCC_ClkInitStruct.APB2CLKDivider = RCC_HCLK_DIV1;
 256              		.loc 1 165 3 is_stmt 1 view .LVU70
 257              		.loc 1 165 36 is_stmt 0 view .LVU71
 258 007c 0694     		str	r4, [sp, #24]
 166:Core/Src/main.c **** 
 167:Core/Src/main.c ****   if (HAL_RCC_ClockConfig(&RCC_ClkInitStruct, FLASH_LATENCY_3) != HAL_OK)
 259              		.loc 1 167 3 is_stmt 1 view .LVU72
 260              		.loc 1 167 7 is_stmt 0 view .LVU73
 261 007e 0321     		movs	r1, #3
 262 0080 02A8     		add	r0, sp, #8
 263 0082 FFF7FEFF 		bl	HAL_RCC_ClockConfig
 264              	.LVL13:
 168:Core/Src/main.c ****   {
 169:Core/Src/main.c ****     Error_Handler();
 170:Core/Src/main.c ****   }
 171:Core/Src/main.c **** }
 265              		.loc 1 171 1 view .LVU74
 266 0086 15B0     		add	sp, sp, #84
 267              	.LCFI6:
 268              		.cfi_def_cfa_offset 12
 269              		@ sp needed
 270 0088 30BD     		pop	{r4, r5, pc}
 271              	.L13:
 272 008a 00BF     		.align	2
 273              	.L12:
 274 008c 00380240 		.word	1073887232
 275 0090 00700040 		.word	1073770496
 276              		.cfi_endproc
 277              	.LFE136:
 279              		.section	.rodata.main.str1.4,"aMS",%progbits,1
 280              		.align	2
 281              	.LC0:
 282 0000 48656C6C 		.ascii	"Hello World!\000"
 282      6F20576F 
 282      726C6421 
 282      00
 283 000d 000000   		.align	2
 284              	.LC1:
 285 0010 74656D70 		.ascii	"temp: %f\012\000"
ARM GAS  C:\Users\zsf90\AppData\Local\Temp\ccGAJ4x9.s 			page 9


 285      3A202566 
 285      0A00
 286              		.section	.text.main,"ax",%progbits
 287              		.align	1
 288              		.global	main
 289              		.syntax unified
 290              		.thumb
 291              		.thumb_func
 292              		.fpu fpv4-sp-d16
 294              	main:
 295              	.LFB135:
  86:Core/Src/main.c ****   /* USER CODE BEGIN 1 */
 296              		.loc 1 86 1 is_stmt 1 view -0
 297              		.cfi_startproc
 298              		@ args = 0, pretend = 0, frame = 0
 299              		@ frame_needed = 0, uses_anonymous_args = 0
 300 0000 08B5     		push	{r3, lr}
 301              	.LCFI7:
 302              		.cfi_def_cfa_offset 8
 303              		.cfi_offset 3, -8
 304              		.cfi_offset 14, -4
  94:Core/Src/main.c **** 
 305              		.loc 1 94 3 view .LVU76
 306 0002 FFF7FEFF 		bl	HAL_Init
 307              	.LVL14:
 101:Core/Src/main.c **** 
 308              		.loc 1 101 3 view .LVU77
 309 0006 FFF7FEFF 		bl	SystemClock_Config
 310              	.LVL15:
 108:Core/Src/main.c ****   MX_USART2_UART_Init();
 311              		.loc 1 108 3 view .LVU78
 312 000a FFF7FEFF 		bl	MX_GPIO_Init
 313              	.LVL16:
 109:Core/Src/main.c ****   /* USER CODE BEGIN 2 */
 314              		.loc 1 109 3 view .LVU79
 315 000e FFF7FEFF 		bl	MX_USART2_UART_Init
 316              	.LVL17:
 111:Core/Src/main.c ****   float i = 3.14f;
 317              		.loc 1 111 3 view .LVU80
 318 0012 0B48     		ldr	r0, .L17+8
 319 0014 FFF7FEFF 		bl	puts
 320              	.LVL18:
 112:Core/Src/main.c ****   /* USER CODE END 2 */
 321              		.loc 1 112 3 view .LVU81
 322              	.L15:
 117:Core/Src/main.c ****   {
 323              		.loc 1 117 3 discriminator 1 view .LVU82
 122:Core/Src/main.c ****     HAL_Delay(200);
 324              		.loc 1 122 5 discriminator 1 view .LVU83
 325 0018 2021     		movs	r1, #32
 326 001a 0A48     		ldr	r0, .L17+12
 327 001c FFF7FEFF 		bl	HAL_GPIO_TogglePin
 328              	.LVL19:
 123:Core/Src/main.c ****     printf("temp: %f\n", i);
 329              		.loc 1 123 5 discriminator 1 view .LVU84
 330 0020 C820     		movs	r0, #200
 331 0022 FFF7FEFF 		bl	HAL_Delay
ARM GAS  C:\Users\zsf90\AppData\Local\Temp\ccGAJ4x9.s 			page 10


 332              	.LVL20:
 124:Core/Src/main.c ****   }
 333              		.loc 1 124 5 discriminator 1 view .LVU85
 334 0026 04A3     		adr	r3, .L17
 335 0028 D3E90023 		ldrd	r2, [r3]
 336 002c 0648     		ldr	r0, .L17+16
 337 002e FFF7FEFF 		bl	printf
 338              	.LVL21:
 117:Core/Src/main.c ****   {
 339              		.loc 1 117 9 discriminator 1 view .LVU86
 340 0032 F1E7     		b	.L15
 341              	.L18:
 342 0034 AFF30080 		.align	3
 343              	.L17:
 344 0038 00000060 		.word	1610612736
 345 003c B81E0940 		.word	1074339512
 346 0040 00000000 		.word	.LC0
 347 0044 00000240 		.word	1073872896
 348 0048 10000000 		.word	.LC1
 349              		.cfi_endproc
 350              	.LFE135:
 352              		.section	.text.Error_Handler,"ax",%progbits
 353              		.align	1
 354              		.global	Error_Handler
 355              		.syntax unified
 356              		.thumb
 357              		.thumb_func
 358              		.fpu fpv4-sp-d16
 360              	Error_Handler:
 361              	.LFB137:
 172:Core/Src/main.c **** 
 173:Core/Src/main.c **** /* USER CODE BEGIN 4 */
 174:Core/Src/main.c **** 
 175:Core/Src/main.c **** /* USER CODE END 4 */
 176:Core/Src/main.c **** 
 177:Core/Src/main.c **** /**
 178:Core/Src/main.c ****   * @brief  This function is executed in case of error occurrence.
 179:Core/Src/main.c ****   * @retval None
 180:Core/Src/main.c ****   */
 181:Core/Src/main.c **** void Error_Handler(void)
 182:Core/Src/main.c **** {
 362              		.loc 1 182 1 view -0
 363              		.cfi_startproc
 364              		@ args = 0, pretend = 0, frame = 0
 365              		@ frame_needed = 0, uses_anonymous_args = 0
 366              		@ link register save eliminated.
 183:Core/Src/main.c ****   /* USER CODE BEGIN Error_Handler_Debug */
 184:Core/Src/main.c ****   /* User can add his own implementation to report the HAL error return state */
 185:Core/Src/main.c **** 
 186:Core/Src/main.c ****   /* USER CODE END Error_Handler_Debug */
 187:Core/Src/main.c **** }
 367              		.loc 1 187 1 view .LVU88
 368 0000 7047     		bx	lr
 369              		.cfi_endproc
 370              	.LFE137:
 372              		.text
 373              	.Letext0:
ARM GAS  C:\Users\zsf90\AppData\Local\Temp\ccGAJ4x9.s 			page 11


 374              		.file 2 "c:\\program files (x86)\\gnu tools arm embedded\\9 2019-q4-major\\arm-none-eabi\\include\
 375              		.file 3 "c:\\program files (x86)\\gnu tools arm embedded\\9 2019-q4-major\\arm-none-eabi\\include\
 376              		.file 4 "Drivers/CMSIS/Include/core_cm4.h"
 377              		.file 5 "Drivers/CMSIS/Device/ST/STM32F4xx/Include/system_stm32f4xx.h"
 378              		.file 6 "Drivers/CMSIS/Device/ST/STM32F4xx/Include/stm32f410rx.h"
 379              		.file 7 "Drivers/STM32F4xx_HAL_Driver/Inc/stm32f4xx_hal_def.h"
 380              		.file 8 "Drivers/STM32F4xx_HAL_Driver/Inc/stm32f4xx_hal_rcc_ex.h"
 381              		.file 9 "Drivers/STM32F4xx_HAL_Driver/Inc/stm32f4xx_hal_rcc.h"
 382              		.file 10 "Drivers/STM32F4xx_HAL_Driver/Inc/stm32f4xx_hal_dma.h"
 383              		.file 11 "Drivers/STM32F4xx_HAL_Driver/Inc/stm32f4xx_hal_uart.h"
 384              		.file 12 "Drivers/STM32F4xx_HAL_Driver/Inc/stm32f4xx_hal.h"
 385              		.file 13 "Core/Inc/usart.h"
 386              		.file 14 "c:\\program files (x86)\\gnu tools arm embedded\\9 2019-q4-major\\arm-none-eabi\\include
 387              		.file 15 "c:\\program files (x86)\\gnu tools arm embedded\\9 2019-q4-major\\arm-none-eabi\\include
 388              		.file 16 "c:\\program files (x86)\\gnu tools arm embedded\\9 2019-q4-major\\lib\\gcc\\arm-none-eab
 389              		.file 17 "c:\\program files (x86)\\gnu tools arm embedded\\9 2019-q4-major\\arm-none-eabi\\include
 390              		.file 18 "Core/Inc/gpio.h"
 391              		.file 19 "<built-in>"
 392              		.file 20 "Drivers/STM32F4xx_HAL_Driver/Inc/stm32f4xx_hal_gpio.h"
 393              		.file 21 "c:\\program files (x86)\\gnu tools arm embedded\\9 2019-q4-major\\arm-none-eabi\\include
ARM GAS  C:\Users\zsf90\AppData\Local\Temp\ccGAJ4x9.s 			page 12


DEFINED SYMBOLS
                            *ABS*:00000000 main.c
C:\Users\zsf90\AppData\Local\Temp\ccGAJ4x9.s:18     .text.__io_putchar:00000000 $t
C:\Users\zsf90\AppData\Local\Temp\ccGAJ4x9.s:26     .text.__io_putchar:00000000 __io_putchar
C:\Users\zsf90\AppData\Local\Temp\ccGAJ4x9.s:69     .text.__io_putchar:00000020 $d
C:\Users\zsf90\AppData\Local\Temp\ccGAJ4x9.s:74     .text._write:00000000 $t
C:\Users\zsf90\AppData\Local\Temp\ccGAJ4x9.s:81     .text._write:00000000 _write
C:\Users\zsf90\AppData\Local\Temp\ccGAJ4x9.s:133    .text.SystemClock_Config:00000000 $t
C:\Users\zsf90\AppData\Local\Temp\ccGAJ4x9.s:140    .text.SystemClock_Config:00000000 SystemClock_Config
C:\Users\zsf90\AppData\Local\Temp\ccGAJ4x9.s:274    .text.SystemClock_Config:0000008c $d
C:\Users\zsf90\AppData\Local\Temp\ccGAJ4x9.s:280    .rodata.main.str1.4:00000000 $d
C:\Users\zsf90\AppData\Local\Temp\ccGAJ4x9.s:287    .text.main:00000000 $t
C:\Users\zsf90\AppData\Local\Temp\ccGAJ4x9.s:294    .text.main:00000000 main
C:\Users\zsf90\AppData\Local\Temp\ccGAJ4x9.s:344    .text.main:00000038 $d
C:\Users\zsf90\AppData\Local\Temp\ccGAJ4x9.s:353    .text.Error_Handler:00000000 $t
C:\Users\zsf90\AppData\Local\Temp\ccGAJ4x9.s:360    .text.Error_Handler:00000000 Error_Handler

UNDEFINED SYMBOLS
HAL_UART_Transmit
huart2
memset
HAL_RCC_OscConfig
HAL_RCC_ClockConfig
HAL_Init
MX_GPIO_Init
MX_USART2_UART_Init
puts
HAL_GPIO_TogglePin
HAL_Delay
printf
